-------------------------------------------------------------------------------
Test set: TriangleTypeTest
-------------------------------------------------------------------------------
Tests run: 5, Failures: 1, Errors: 0, Skipped: 0, Time elapsed: 0.09 s <<< FAILURE! - in TriangleTypeTest
testScaleneTriangle  Time elapsed: 0.017 s  <<< FAILURE!
org.opentest4j.AssertionFailedError: expected: <Scalene> but was: <NotATriangle>
	at TriangleTypeTest.testScaleneTriangle(TriangleTypeTest.java:29)

