-------------------------------------------------------------------------------
Test set: NextDateTest
-------------------------------------------------------------------------------
Tests run: 5, Failures: 0, Errors: 1, Skipped: 0, Time elapsed: 0.177 s <<< FAILURE! - in NextDateTest
test5  Time elapsed: 0.052 s  <<< ERROR!
java.lang.NullPointerException: Cannot invoke "tuan3.nextdate.NextDate.toString()" because the return value of "tuan3.nextdate.NextDate.nextDate()" is null
	at NextDateTest.test5(NextDateTest.java:40)

